This is pdfTeX, Version 3.141592653-2.6-1.40.22 (MiKTeX 21.3) (preloaded format=pdflatex 2021.6.7)  17 DEC 2021 21:03
entering extended mode
**/home/user/Git-Projects/nonlinear-system/hlr19-laog19/RELATORIO_hlr19_laog19.tex
(/home/user/Git-Projects/nonlinear-system/hlr19-laog19/RELATORIO_hlr19_laog19.tex
LaTeX2e <2020-10-01> patch level 4
L3 programming layer <2021-05-27> (/home/user/.miktex/texmfs/install/tex/latex/base/article.cls
Document Class: article 2020/04/10 v1.4m Standard LaTeX document class
(/home/user/.miktex/texmfs/install/tex/latex/base/size10.clo
File: size10.clo 2020/04/10 v1.4m Standard LaTeX file (size option)
)
\c@part=\count181
\c@section=\count182
\c@subsection=\count183
\c@subsubsection=\count184
\c@paragraph=\count185
\c@subparagraph=\count186
\c@figure=\count187
\c@table=\count188
\abovecaptionskip=\skip47
\belowcaptionskip=\skip48
\bibindent=\dimen138
) (/home/user/.miktex/texmfs/install/tex/latex/base/inputenc.sty
Package: inputenc 2020/08/01 v1.3d Input encoding file
\inpenc@prehook=\toks15
\inpenc@posthook=\toks16
) (/home/user/.miktex/texmfs/install/tex/latex/graphics/graphicx.sty
Package: graphicx 2020/09/09 v1.2b Enhanced LaTeX Graphics (DPC,SPQR)
 (/home/user/.miktex/texmfs/install/tex/latex/graphics/keyval.sty
Package: keyval 2014/10/28 v1.15 key=value parser (DPC)
\KV@toks@=\toks17
) (/home/user/.miktex/texmfs/install/tex/latex/graphics/graphics.sty
Package: graphics 2020/08/30 v1.4c Standard LaTeX Graphics (DPC,SPQR)
 (/home/user/.miktex/texmfs/install/tex/latex/graphics/trig.sty
Package: trig 2016/01/03 v1.10 sin cos tan (DPC)
) (/home/user/.miktex/texmfs/install/tex/latex/graphics-cfg/graphics.cfg
File: graphics.cfg 2016/06/04 v1.11 sample graphics configuration
)
Package graphics Info: Driver file: pdftex.def on input line 105.
 (/home/user/.miktex/texmfs/install/tex/latex/graphics-def/pdftex.def
File: pdftex.def 2020/10/05 v1.2a Graphics/color driver for pdftex
))
\Gin@req@height=\dimen139
\Gin@req@width=\dimen140
) (/home/user/.miktex/texmfs/install/tex/generic/babel/babel.sty
Package: babel 2021/05/16 3.59 The Babel package
 (/home/user/.miktex/texmfs/install/tex/generic/babel/babel.def
File: babel.def 2021/05/16 3.59 Babel common definitions
\babel@savecnt=\count189
\U@D=\dimen141
\l@unhyphenated=\language1
 (/home/user/.miktex/texmfs/install/tex/generic/babel/txtbabel.def)
\bbl@readstream=\read2
)
\bbl@dirlevel=\count190

*************************************
* Local config file bblopts.cfg used
*
(/home/user/.miktex/texmfs/install/tex/latex/arabi/bblopts.cfg
File: bblopts.cfg 2005/09/08 v0.1 add Arabic and Farsi to "declared" options of babel
) (/home/user/.miktex/texmfs/install/tex/latex/babel-portuges/portuguese.ldf
Language: portuges 2021/07/09 v1.2t Portuguese support from the babel system


Package babel Warning: No hyphenation patterns were preloaded for
(babel)                the language `Portuguese' into the format.
(babel)                Please, configure your TeX system to add them and
(babel)                rebuild the format. Now I will use the patterns
(babel)                preloaded for \language=0 instead on input line 53.

Package babel Info: Making " an active character on input line 143.
)) (/home/user/.miktex/texmfs/install/tex/latex/l3backend/l3backend-pdftex.def
File: l3backend-pdftex.def 2021-05-07 L3 backend support: PDF output (pdfTeX)
\l__color_backend_stack_int=\count191
\l__pdf_internal_box=\box47
) (RELATORIO_hlr19_laog19.aux)
\openout1 = `RELATORIO_hlr19_laog19.aux'.

LaTeX Font Info:    Checking defaults for OML/cmm/m/it on input line 10.
LaTeX Font Info:    ... okay on input line 10.
LaTeX Font Info:    Checking defaults for OMS/cmsy/m/n on input line 10.
LaTeX Font Info:    ... okay on input line 10.
LaTeX Font Info:    Checking defaults for OT1/cmr/m/n on input line 10.
LaTeX Font Info:    ... okay on input line 10.
LaTeX Font Info:    Checking defaults for T1/cmr/m/n on input line 10.
LaTeX Font Info:    ... okay on input line 10.
LaTeX Font Info:    Checking defaults for TS1/cmr/m/n on input line 10.
LaTeX Font Info:    ... okay on input line 10.
LaTeX Font Info:    Checking defaults for OMX/cmex/m/n on input line 10.
LaTeX Font Info:    ... okay on input line 10.
LaTeX Font Info:    Checking defaults for U/cmr/m/n on input line 10.
LaTeX Font Info:    ... okay on input line 10.
 (/home/user/.miktex/texmfs/install/tex/context/base/mkii/supp-pdf.mkii
[Loading MPS to PDF converter (version 2006.09.02).]
\scratchcounter=\count192
\scratchdimen=\dimen142
\scratchbox=\box48
\nofMPsegments=\count193
\nofMParguments=\count194
\everyMPshowfont=\toks18
\MPscratchCnt=\count195
\MPscratchDim=\dimen143
\MPnumerator=\count196
\makeMPintoPDFobject=\count197
\everyMPtoPDFconversion=\toks19
) (/home/user/.miktex/texmfs/install/tex/latex/epstopdf-pkg/epstopdf-base.sty
Package: epstopdf-base 2020-01-24 v2.11 Base part for package epstopdf
 (/home/user/.miktex/texmfs/install/tex/generic/infwarerr/infwarerr.sty
Package: infwarerr 2019/12/03 v1.5 Providing info/warning/error messages (HO)
) (/home/user/.miktex/texmfs/install/tex/latex/grfext/grfext.sty
Package: grfext 2019/12/03 v1.3 Manage graphics extensions (HO)
 (/home/user/.miktex/texmfs/install/tex/generic/kvdefinekeys/kvdefinekeys.sty
Package: kvdefinekeys 2019-12-19 v1.6 Define keys (HO)
)) (/home/user/.miktex/texmfs/install/tex/latex/kvoptions/kvoptions.sty
Package: kvoptions 2020-10-07 v3.14 Key value format for package options (HO)
 (/home/user/.miktex/texmfs/install/tex/generic/ltxcmds/ltxcmds.sty
Package: ltxcmds 2020-05-10 v1.25 LaTeX kernel commands for general use (HO)
) (/home/user/.miktex/texmfs/install/tex/generic/kvsetkeys/kvsetkeys.sty
Package: kvsetkeys 2019/12/15 v1.18 Key value parser (HO)
)) (/home/user/.miktex/texmfs/install/tex/generic/pdftexcmds/pdftexcmds.sty
Package: pdftexcmds 2020-06-27 v0.33 Utility functions of pdfTeX for LuaTeX (HO)
 (/home/user/.miktex/texmfs/install/tex/generic/iftex/iftex.sty
Package: iftex 2020/03/06 v1.0d TeX engine tests
)
Package pdftexcmds Info: \pdf@primitive is available.
Package pdftexcmds Info: \pdf@ifprimitive is available.
Package pdftexcmds Info: \pdfdraftmode found.
)
Package epstopdf-base Info: Redefining graphics rule for `.eps' on input line 485.
Package grfext Info: Graphics extension search list:
(grfext)             [.pdf,.png,.jpg,.mps,.jpeg,.jbig2,.jb2,.PDF,.PNG,.JPG,.JPEG,.JBIG2,.JB2,.eps]
(grfext)             \AppendGraphicsExtensions on input line 504.
 (/home/user/.miktex/texmfs/install/tex/latex/00miktex/epstopdf-sys.cfg
File: epstopdf-sys.cfg 2021/03/18 v2.0 Configuration of epstopdf for MiKTeX
))
LaTeX Font Info:    External font `cmex10' loaded for size
(Font)              <12> on input line 12.
LaTeX Font Info:    External font `cmex10' loaded for size
(Font)              <8> on input line 12.
LaTeX Font Info:    External font `cmex10' loaded for size
(Font)              <6> on input line 12.
 [1

{/home/user/.miktex/texmfs/data/pdftex/config/pdftex.map}]
Overfull \hbox (24.50061pt too wide) in paragraph at lines 16--19
\OT1/cmr/m/n/10 Neste texto, relataremos as melhorias feitas e exibiremos os resultados do experimento. 
 []

[2] [3]
Overfull \hbox (6.25002pt too wide) in paragraph at lines 29--32
\OT1/cmr/m/n/10 Para executar os experimentos, basta executar \OT1/cmtt/m/n/10 ./script.sh \OT1/cmr/m/n/10 no diretorio principal
 []

[4] [5]
Overfull \hbox (7.08395pt too wide) in paragraph at lines 43--48
\OT1/cmr/m/n/10 No trabalho 1, ela era estruturada como um vetor de ponteiros de linhas separadas.
 []

LaTeX Font Info:    External font `cmex10' loaded for size
(Font)              <7> on input line 57.
LaTeX Font Info:    External font `cmex10' loaded for size
(Font)              <5> on input line 57.

Overfull \hbox (0.9728pt too wide) in paragraph at lines 61--62
\OT1/cmr/m/n/10 Foram usados restrict pointers quando possvel, que fazem com que o processador
 []

[6] [7]
<tempo_derivadas.png, id=31, 1027.84pt x 513.92pt>
File: tempo_derivadas.png Graphic file (type png)
<use tempo_derivadas.png>
Package pdftex.def Info: tempo_derivadas.png  used on input line 81.
(pdftex.def)             Requested size: 341.43306pt x 170.71548pt.
<l3_derivadas.png, id=32, 1027.84pt x 513.92pt>
File: l3_derivadas.png Graphic file (type png)
<use l3_derivadas.png>
Package pdftex.def Info: l3_derivadas.png  used on input line 88.
(pdftex.def)             Requested size: 341.43306pt x 170.71548pt.
<l2cache_derivadas.png, id=33, 1027.84pt x 513.92pt>
File: l2cache_derivadas.png Graphic file (type png)
<use l2cache_derivadas.png>
Package pdftex.def Info: l2cache_derivadas.png  used on input line 95.
(pdftex.def)             Requested size: 341.43306pt x 170.71548pt.
<flops_dp_derivadas.png, id=34, 1027.84pt x 513.92pt>
File: flops_dp_derivadas.png Graphic file (type png)
<use flops_dp_derivadas.png>
Package pdftex.def Info: flops_dp_derivadas.png  used on input line 102.
(pdftex.def)             Requested size: 341.43306pt x 170.71548pt.
 [8 <./tempo_derivadas.png> <./l3_derivadas.png>] [9 <./l2cache_derivadas.png> <./flops_dp_derivadas.png>]
<tempo_newton.png, id=41, 1027.84pt x 513.92pt>
File: tempo_newton.png Graphic file (type png)
<use tempo_newton.png>
Package pdftex.def Info: tempo_newton.png  used on input line 112.
(pdftex.def)             Requested size: 341.43306pt x 170.71548pt.
<l3_newton.png, id=42, 1027.84pt x 513.92pt>
File: l3_newton.png Graphic file (type png)
<use l3_newton.png>
Package pdftex.def Info: l3_newton.png  used on input line 119.
(pdftex.def)             Requested size: 341.43306pt x 170.71548pt.
<l2cache_newton.png, id=43, 1027.84pt x 513.92pt>
File: l2cache_newton.png Graphic file (type png)
<use l2cache_newton.png>
Package pdftex.def Info: l2cache_newton.png  used on input line 126.
(pdftex.def)             Requested size: 341.43306pt x 170.71548pt.
<flops_dp_newton.png, id=44, 1027.84pt x 513.92pt>
File: flops_dp_newton.png Graphic file (type png)
<use flops_dp_newton.png>
Package pdftex.def Info: flops_dp_newton.png  used on input line 133.
(pdftex.def)             Requested size: 341.43306pt x 170.71548pt.
 [10 <./tempo_newton.png> <./l3_newton.png>] [11 <./l2cache_newton.png> <./flops_dp_newton.png>]
<tempo_jacobiana.png, id=51, 1027.84pt x 513.92pt>
File: tempo_jacobiana.png Graphic file (type png)
<use tempo_jacobiana.png>
Package pdftex.def Info: tempo_jacobiana.png  used on input line 143.
(pdftex.def)             Requested size: 341.43306pt x 170.71548pt.
<l3_jacobiana.png, id=52, 1027.84pt x 513.92pt>
File: l3_jacobiana.png Graphic file (type png)
<use l3_jacobiana.png>
Package pdftex.def Info: l3_jacobiana.png  used on input line 150.
(pdftex.def)             Requested size: 341.43306pt x 170.71548pt.
<l2cache_jacobiana.png, id=53, 1027.84pt x 513.92pt>
File: l2cache_jacobiana.png Graphic file (type png)
<use l2cache_jacobiana.png>
Package pdftex.def Info: l2cache_jacobiana.png  used on input line 157.
(pdftex.def)             Requested size: 341.43306pt x 170.71548pt.
<flops_dp_jacobiana.png, id=54, 1027.84pt x 513.92pt>
File: flops_dp_jacobiana.png Graphic file (type png)
<use flops_dp_jacobiana.png>
Package pdftex.def Info: flops_dp_jacobiana.png  used on input line 164.
(pdftex.def)             Requested size: 341.43306pt x 170.71548pt.
 [12 <./tempo_jacobiana.png> <./l3_jacobiana.png>] [13 <./l2cache_jacobiana.png> <./flops_dp_jacobiana.png>]
<tempo_sistema_linear.png, id=62, 1027.84pt x 513.92pt>
File: tempo_sistema_linear.png Graphic file (type png)
<use tempo_sistema_linear.png>
Package pdftex.def Info: tempo_sistema_linear.png  used on input line 174.
(pdftex.def)             Requested size: 341.43306pt x 170.71548pt.
<l3_sistema_linear.png, id=63, 1027.84pt x 513.92pt>
File: l3_sistema_linear.png Graphic file (type png)
<use l3_sistema_linear.png>
Package pdftex.def Info: l3_sistema_linear.png  used on input line 181.
(pdftex.def)             Requested size: 341.43306pt x 170.71548pt.
<l2cache_sistema_linear.png, id=64, 1027.84pt x 513.92pt>
File: l2cache_sistema_linear.png Graphic file (type png)
<use l2cache_sistema_linear.png>
Package pdftex.def Info: l2cache_sistema_linear.png  used on input line 188.
(pdftex.def)             Requested size: 341.43306pt x 170.71548pt.
<flops_dp_sistema_linear.png, id=65, 1027.84pt x 513.92pt>
File: flops_dp_sistema_linear.png Graphic file (type png)
<use flops_dp_sistema_linear.png>
Package pdftex.def Info: flops_dp_sistema_linear.png  used on input line 195.
(pdftex.def)             Requested size: 341.43306pt x 170.71548pt.
 [14 <./tempo_sistema_linear.png> <./l3_sistema_linear.png>] [15 <./l2cache_sistema_linear.png> <./flops_dp_sistema_linear.png>] (RELATORIO_hlr19_laog19.aux) ) 
Here is how much of TeX's memory you used:
 2671 strings out of 481017
 42593 string characters out of 2904469
 347357 words of memory out of 3000000
 20100 multiletter control sequences out of 15000+600000
 407891 words of font info for 42 fonts, out of 8000000 for 9000
 0 hyphenation exceptions out of 8191
 61i,7n,70p,293b,225s stack positions out of 5000i,500n,10000p,200000b,80000s
</home/user/.miktex/texmfs/install/fonts/type1/public/amsfonts/cm/cmbx12.pfb></home/user/.miktex/texmfs/install/fonts/type1/public/amsfonts/cm/cmmi7.pfb></home/user/.miktex/texmfs/install/fonts/type1/public/amsfonts/cm/cmr10.pfb></home/user/.miktex/texmfs/install/fonts/type1/public/amsfonts/cm/cmr12.pfb></home/user/.miktex/texmfs/install/fonts/type1/public/amsfonts/cm/cmr17.pfb></home/user/.miktex/texmfs/install/fonts/type1/public/amsfonts/cm/cmti10.pfb></home/user/.miktex/texmfs/install/fonts/type1/public/amsfonts/cm/cmtt10.pfb>
Output written on RELATORIO_hlr19_laog19.pdf (15 pages, 623755 bytes).
PDF statistics:
 95 PDF objects out of 1000 (max. 8388607)
 0 named destinations out of 1000 (max. 500000)
 81 words of extra memory for PDF output out of 10000 (max. 10000000)

